<?xml version="1.0" encoding="UTF-8"?>
<!-- Generated by org.testng.reporters.JUnitXMLReporter -->
<testsuite ignored="1" hostname="LAPTOP-NC0BN7UC" failures="0" tests="1" name="Default test" time="4.615" errors="0" timestamp="2024-01-03T14:14:48 IST">
  <testcase classname="test.NaptolHomePageTest" name="verifyIfUserIsAbleToSearchTheProduct" time="0.847"/>
  <testcase classname="test.NaptolHomePageTest" name="verifyIfUserIsAbleToClickOnShoppingCategories" time="0.0">
    <ignored/>
  </testcase> <!-- verifyIfUserIsAbleToClickOnShoppingCategories -->
</testsuite> <!-- Default test -->
