<?xml version="1.0" encoding="UTF-8"?>
<!-- Generated by org.testng.reporters.JUnitXMLReporter -->
<testsuite ignored="1" hostname="LAPTOP-NC0BN7UC" failures="0" tests="1" name="Default test" time="8.776" errors="0" timestamp="2024-01-07T12:28:06 IST">
  <testcase classname="test.NaptolHomePageTest" name="verifyIfUserIsAbleToClickOnShoppingCategories" time="1.303"/>
  <testcase classname="test.NaptolHomePageTest" name="verifyIfUserIsAbleToSearchTheProduct" time="0.0">
    <ignored/>
  </testcase> <!-- verifyIfUserIsAbleToSearchTheProduct -->
</testsuite> <!-- Default test -->
