<?xml version="1.0" encoding="UTF-8"?>
<!-- Generated by org.testng.reporters.JUnitXMLReporter -->
<testsuite ignored="1" hostname="LAPTOP-NC0BN7UC" failures="0" tests="1" name="ChromeTest" time="10.596" errors="0" timestamp="2024-01-13T12:33:44 IST">
  <testcase classname="test.AddToCartPageTest" name="verifyIfUserIsAbleToAddProductUsingQuickViewOption" time="3.077"/>
  <testcase classname="test.AddToCartPageTest" name="VerifyIfUserIsAbleToAddMultipleProductsToCart" time="0.0">
    <ignored/>
  </testcase> <!-- VerifyIfUserIsAbleToAddMultipleProductsToCart -->
</testsuite> <!-- ChromeTest -->
