<?xml version="1.0" encoding="UTF-8"?>
<!-- Generated by org.testng.reporters.JUnitXMLReporter -->
<testsuite ignored="1" hostname="LAPTOP-NC0BN7UC" failures="0" tests="1" name="test" time="9.089" errors="0" timestamp="2024-01-16T18:14:31 IST">
  <testcase classname="test.CartAmountTest" name="AddTwoProductsIntoCartAndVerifyIfSumOfUnitPriceAndShippingPriceIsEqualToOrderAmountAndAlsoVerifyIfSumOfOrderAmountIsEqualToCartAmount" time="3.877"/>
  <testcase classname="test.CartAmountTest" name="addSingleProductToCartAndVerifIfSumOfUnitPriceShippingPriceIsEqualToOrderAmount" time="0.0">
    <ignored/>
  </testcase> <!-- addSingleProductToCartAndVerifIfSumOfUnitPriceShippingPriceIsEqualToOrderAmount -->
</testsuite> <!-- test -->
