<?xml version="1.0" encoding="UTF-8"?>
<testng-results ignored="0" total="1" passed="1" failed="0" skipped="0">
  <reporter-output>
  </reporter-output>
  <suite started-at="2024-01-16T18:14:22 IST" name="Suite" finished-at="2024-01-16T18:14:31 IST" duration-ms="9089">
    <groups>
    </groups>
    <test started-at="2024-01-16T18:14:22 IST" name="test" finished-at="2024-01-16T18:14:31 IST" duration-ms="9089">
      <class name="test.CartAmountTest">
        <test-method is-config="true" signature="configureReport()[pri:0, instance:test.CartAmountTest@2a265ea9]" started-at="2024-01-16T18:14:22 IST" name="configureReport" finished-at="2024-01-16T18:14:22 IST" duration-ms="214" status="PASS">
          <reporter-output>
          </reporter-output>
        </test-method> <!-- configureReport -->
        <test-method is-config="true" signature="launchBrowser(java.lang.String)[pri:0, instance:test.CartAmountTest@2a265ea9]" started-at="2024-01-16T18:14:22 IST" name="launchBrowser" finished-at="2024-01-16T18:14:27 IST" duration-ms="4639" status="PASS">
          <params>
            <param index="0">
              <value>
                <![CDATA[Chrome]]>
              </value>
            </param>
          </params>
          <reporter-output>
          </reporter-output>
        </test-method> <!-- launchBrowser -->
        <test-method signature="AddTwoProductsIntoCartAndVerifyIfSumOfUnitPriceAndShippingPriceIsEqualToOrderAmountAndAlsoVerifyIfSumOfOrderAmountIsEqualToCartAmount()[pri:0, instance:test.CartAmountTest@2a265ea9]" started-at="2024-01-16T18:14:27 IST" name="AddTwoProductsIntoCartAndVerifyIfSumOfUnitPriceAndShippingPriceIsEqualToOrderAmountAndAlsoVerifyIfSumOfOrderAmountIsEqualToCartAmount" finished-at="2024-01-16T18:14:31 IST" duration-ms="3877" status="PASS">
          <reporter-output>
          </reporter-output>
        </test-method> <!-- AddTwoProductsIntoCartAndVerifyIfSumOfUnitPriceAndShippingPriceIsEqualToOrderAmountAndAlsoVerifyIfSumOfOrderAmountIsEqualToCartAmount -->
        <test-method is-config="true" signature="publishReports()[pri:0, instance:test.CartAmountTest@2a265ea9]" started-at="2024-01-16T18:14:31 IST" name="publishReports" finished-at="2024-01-16T18:14:31 IST" duration-ms="325" status="PASS">
          <reporter-output>
          </reporter-output>
        </test-method> <!-- publishReports -->
      </class> <!-- test.CartAmountTest -->
    </test> <!-- test -->
  </suite> <!-- Suite -->
</testng-results>
